[debug] [2024-06-17T08:48:27.376Z] ----------------------------------------------------------------------
[debug] [2024-06-17T08:48:27.378Z] Command:       C:\Program Files\nodejs\node.exe C:\Program Files\nodejs\node_modules\firebase-tools\lib\bin\firebase.js deploy
[debug] [2024-06-17T08:48:27.379Z] CLI Version:   13.11.2
[debug] [2024-06-17T08:48:27.379Z] Platform:      win32
[debug] [2024-06-17T08:48:27.379Z] Node Version:  v18.18.1
[debug] [2024-06-17T08:48:27.380Z] Time:          Mon Jun 17 2024 15:48:27 GMT+0700 (Indochina Time)
[debug] [2024-06-17T08:48:27.381Z] ----------------------------------------------------------------------
[debug] 
[debug] [2024-06-17T08:48:27.398Z] >>> [apiv2][query] GET https://firebase-public.firebaseio.com/cli.json [none]
[debug] [2024-06-17T08:48:27.529Z] > command requires scopes: ["email","openid","https://www.googleapis.com/auth/cloudplatformprojects.readonly","https://www.googleapis.com/auth/firebase","https://www.googleapis.com/auth/cloud-platform"]
[debug] [2024-06-17T08:48:27.529Z] > authorizing via signed-in user (quynhta2105.jvb@gmail.com)
[debug] [2024-06-17T08:48:27.529Z] [iam] checking project weather-forecast-21067 for permissions ["firebase.projects.get","firebasehosting.sites.update"]
[debug] [2024-06-17T08:48:27.530Z] > refreshing access token with scopes: []
[debug] [2024-06-17T08:48:27.531Z] >>> [apiv2][query] POST https://www.googleapis.com/oauth2/v3/token [none]
[debug] [2024-06-17T08:48:27.531Z] >>> [apiv2][body] POST https://www.googleapis.com/oauth2/v3/token [omitted]
[debug] [2024-06-17T08:48:27.749Z] <<< [apiv2][status] POST https://www.googleapis.com/oauth2/v3/token 200
[debug] [2024-06-17T08:48:27.750Z] <<< [apiv2][body] POST https://www.googleapis.com/oauth2/v3/token [omitted]
[debug] [2024-06-17T08:48:27.772Z] >>> [apiv2][query] POST https://cloudresourcemanager.googleapis.com/v1/projects/weather-forecast-21067:testIamPermissions [none]
[debug] [2024-06-17T08:48:27.772Z] >>> [apiv2][(partial)header] POST https://cloudresourcemanager.googleapis.com/v1/projects/weather-forecast-21067:testIamPermissions x-goog-quota-user=projects/weather-forecast-21067
[debug] [2024-06-17T08:48:27.773Z] >>> [apiv2][body] POST https://cloudresourcemanager.googleapis.com/v1/projects/weather-forecast-21067:testIamPermissions {"permissions":["firebase.projects.get","firebasehosting.sites.update"]}
[debug] [2024-06-17T08:48:28.178Z] <<< [apiv2][status] GET https://firebase-public.firebaseio.com/cli.json 200
[debug] [2024-06-17T08:48:28.178Z] <<< [apiv2][body] GET https://firebase-public.firebaseio.com/cli.json {"cloudBuildErrorAfter":1594252800000,"cloudBuildWarnAfter":1590019200000,"defaultNode10After":1594252800000,"minVersion":"3.0.5","node8DeploysDisabledAfter":1613390400000,"node8RuntimeDisabledAfter":1615809600000,"node8WarnAfter":1600128000000}
[debug] [2024-06-17T08:48:28.792Z] <<< [apiv2][status] POST https://cloudresourcemanager.googleapis.com/v1/projects/weather-forecast-21067:testIamPermissions 200
[debug] [2024-06-17T08:48:28.792Z] <<< [apiv2][body] POST https://cloudresourcemanager.googleapis.com/v1/projects/weather-forecast-21067:testIamPermissions {"permissions":["firebase.projects.get","firebasehosting.sites.update"]}
[debug] [2024-06-17T08:48:28.793Z] >>> [apiv2][query] GET https://firebase.googleapis.com/v1beta1/projects/weather-forecast-21067 [none]
